Arguments: 
  /usr/local/Cellar/node/15.12.0/bin/node /usr/local/Cellar/yarn/1.22.10/libexec/bin/yarn.js install

PATH: 
  /Users/janliphardt/.cabal/bin:/Users/janliphardt/.ghcup/bin:/usr/local/opt/openssl/bin:/usr/local/bin:/usr/bin:/bin:/usr/sbin:/sbin

Yarn version: 
  1.22.10

Node version: 
  15.12.0

Platform: 
  darwin x64

Trace: 
  SyntaxError: /Users/janliphardt/Documents/GitHub/optimism/package.json: Unexpected token } in JSON at position 752
      at JSON.parse (<anonymous>)
      at /usr/local/Cellar/yarn/1.22.10/libexec/lib/cli.js:1625:59
      at Generator.next (<anonymous>)
      at step (/usr/local/Cellar/yarn/1.22.10/libexec/lib/cli.js:310:30)
      at /usr/local/Cellar/yarn/1.22.10/libexec/lib/cli.js:321:13

npm manifest: 
  {
    "name": "@eth-optimism/fraud-prover",
    "version": "0.0.1",
    "private": true,
    "description": "[Optimism] Fraud Prover Service",
    "main": "dist/index",
    "types": "dist/index",
    "files": [
      "dist/index"
    ],
    "scripts": {
      "start": "node ./exec/run-fraud-prover.js",
      "build": "tsc -p ./tsconfig.build.json",
      "clean": "rimraf  dist/ ./tsconfig.build.tsbuildinfo",
      "lint": "yarn lint:fix && yarn lint:check",
      "lint:check": "tslint --format stylish --project .",
      "lint:fix": "prettier --config prettier-config.json --write \"{src,exec,test}/**/*.ts\""
    },
    "keywords": [
      "optimism",
      "ethereum",
      "fraud-prover"
    ],
    "homepage": "https://github.com/ethereum-optimism/optimism-monorepo/tree/master/packages/fraud-prover#readme",
    "license": "MIT",
    "author": "Optimism",
    "repository": {
      "type": "git",
      "url": "https://github.com/ethereum-optimism/optimism.git"
    },
    "dependencies": {
      "@eth-optimism/core-utils": "^0.2.0",
      "@eth-optimism/contracts": "^0.2.2",
      "@ethersproject/providers": "^5.0.16",
      "dotenv": "^8.2.0",
      "ethers": "^5.1.0",
      "merkle-patricia-tree": "^4.0.0",
      "merkletreejs": "^0.2.18",
      "rlp": "^2.2.6"
    }
  }

yarn manifest: 
  No manifest

Lockfile: 
  No lockfile
